<?xml version="1.0" encoding="UTF-8"?>
<!-- Generated by org.testng.reporters.JUnitXMLReporter -->
<testsuite hostname="Samsung-PC" ignored="5" name="Default test" tests="1" failures="1" timestamp="01 Jan 2019 18:15:15 GMT" time="16.365" errors="0">
  <testcase name="verifyWeatherAPIBodyValue" time="16.234" classname="testcasesAPI.WeatherAPITest">
    <failure type="java.lang.ClassCastException" message="java.util.ArrayList cannot be cast to java.lang.String">
      <![CDATA[java.lang.ClassCastException: java.util.ArrayList cannot be cast to java.lang.String
at testcasesAPI.WeatherAPITest.verifyWeatherAPIBodyValue(WeatherAPITest.java:108)
at sun.reflect.NativeMethodAccessorImpl.invoke0(Native Method)
at sun.reflect.NativeMethodAccessorImpl.invoke(Unknown Source)
at sun.reflect.DelegatingMethodAccessorImpl.invoke(Unknown Source)
at java.lang.reflect.Method.invoke(Unknown Source)
at org.testng.internal.MethodInvocationHelper.invokeMethod(MethodInvocationHelper.java:124)
at org.testng.internal.Invoker.invokeMethod(Invoker.java:580)
at org.testng.internal.Invoker.invokeTestMethod(Invoker.java:716)
at org.testng.internal.Invoker.invokeTestMethods(Invoker.java:988)
at org.testng.internal.TestMethodWorker.invokeTestMethods(TestMethodWorker.java:125)
at org.testng.internal.TestMethodWorker.run(TestMethodWorker.java:109)
at org.testng.TestRunner.privateRun(TestRunner.java:648)
at org.testng.TestRunner.run(TestRunner.java:505)
at org.testng.SuiteRunner.runTest(SuiteRunner.java:455)
at org.testng.SuiteRunner.runSequentially(SuiteRunner.java:450)
at org.testng.SuiteRunner.privateRun(SuiteRunner.java:415)
at org.testng.SuiteRunner.run(SuiteRunner.java:364)
at org.testng.SuiteRunnerWorker.runSuite(SuiteRunnerWorker.java:52)
at org.testng.SuiteRunnerWorker.run(SuiteRunnerWorker.java:84)
at org.testng.TestNG.runSuitesSequentially(TestNG.java:1208)
at org.testng.TestNG.runSuitesLocally(TestNG.java:1137)
at org.testng.TestNG.runSuites(TestNG.java:1049)
at org.testng.TestNG.run(TestNG.java:1017)
at org.testng.remote.AbstractRemoteTestNG.run(AbstractRemoteTestNG.java:114)
at org.testng.remote.RemoteTestNG.initAndRun(RemoteTestNG.java:251)
at org.testng.remote.RemoteTestNG.main(RemoteTestNG.java:77)
]]>
    </failure>
  </testcase> <!-- verifyWeatherAPIBodyValue -->
  <testcase name="verifStatusCodeLineWeatherAPI" time="0.0" classname="testcasesAPI.WeatherAPITest">
    <ignored/>
  </testcase> <!-- verifStatusCodeLineWeatherAPI -->
  <testcase name="verifyWeatherAPIHeaders" time="0.0" classname="testcasesAPI.WeatherAPITest">
    <ignored/>
  </testcase> <!-- verifyWeatherAPIHeaders -->
  <testcase name="verifyStatusCodeWeatherAPI" time="0.0" classname="testcasesAPI.WeatherAPITest">
    <ignored/>
  </testcase> <!-- verifyStatusCodeWeatherAPI -->
  <testcase name="verifyBodyWeatherAPI" time="0.0" classname="testcasesAPI.WeatherAPITest">
    <ignored/>
  </testcase> <!-- verifyBodyWeatherAPI -->
  <testcase name="verifyInvalidStatusCodeWeatherAPI" time="0.0" classname="testcasesAPI.WeatherAPITest">
    <ignored/>
  </testcase> <!-- verifyInvalidStatusCodeWeatherAPI -->
</testsuite> <!-- Default test -->
